{
  "radon": {
    "total_items": 48,
    "mean_cc": 1.77,
    "high_complexity_count": 0,
    "items": [
      {
        "name": "password_strength",
        "type": "method",
        "complexity": 9,
        "rank": "B",
        "lineno": 17,
        "filepath": "C:\\pet_projects\\scopus_search_project\\scopus_search_code\\app\\schemas\\user_schemas.py"
      },
      {
        "name": "search",
        "type": "method",
        "complexity": 8,
        "rank": "B",
        "lineno": 27,
        "filepath": "C:\\pet_projects\\scopus_search_project\\scopus_search_code\\app\\infrastructure\\scopus_client.py"
      },
      {
        "name": "find_articles",
        "type": "function",
        "complexity": 7,
        "rank": "B",
        "lineno": 45,
        "filepath": "C:\\pet_projects\\scopus_search_project\\scopus_search_code\\app\\routers\\articles.py"
      },
      {
        "name": "get_articles_paginated",
        "type": "method",
        "complexity": 4,
        "rank": "A",
        "lineno": 10,
        "filepath": "C:\\pet_projects\\scopus_search_project\\scopus_search_code\\app\\services\\article_service.py"
      },
      {
        "name": "save_many",
        "type": "method",
        "complexity": 3,
        "rank": "A",
        "lineno": 22,
        "filepath": "C:\\pet_projects\\scopus_search_project\\scopus_search_code\\app\\infrastructure\\postgres_article_repo.py"
      },
      {
        "name": "get_current_user",
        "type": "function",
        "complexity": 3,
        "rank": "A",
        "lineno": 30,
        "filepath": "C:\\pet_projects\\scopus_search_project\\scopus_search_code\\app\\routers\\users.py"
      },
      {
        "name": "login",
        "type": "method",
        "complexity": 3,
        "rank": "A",
        "lineno": 30,
        "filepath": "C:\\pet_projects\\scopus_search_project\\scopus_search_code\\app\\services\\user_service.py"
      },
      {
        "name": "decode_access_token",
        "type": "function",
        "complexity": 2,
        "rank": "A",
        "lineno": 28,
        "filepath": "C:\\pet_projects\\scopus_search_project\\scopus_search_code\\app\\core\\security.py"
      },
      {
        "name": "get_total_count",
        "type": "method",
        "complexity": 2,
        "rank": "A",
        "lineno": 46,
        "filepath": "C:\\pet_projects\\scopus_search_project\\scopus_search_code\\app\\infrastructure\\postgres_article_repo.py"
      },
      {
        "name": "register",
        "type": "function",
        "complexity": 2,
        "rank": "A",
        "lineno": 50,
        "filepath": "C:\\pet_projects\\scopus_search_project\\scopus_search_code\\app\\routers\\users.py"
      },
      {
        "name": "login",
        "type": "function",
        "complexity": 2,
        "rank": "A",
        "lineno": 61,
        "filepath": "C:\\pet_projects\\scopus_search_project\\scopus_search_code\\app\\routers\\users.py"
      },
      {
        "name": "passwords_match",
        "type": "method",
        "complexity": 2,
        "rank": "A",
        "lineno": 33,
        "filepath": "C:\\pet_projects\\scopus_search_project\\scopus_search_code\\app\\schemas\\user_schemas.py"
      },
      {
        "name": "find_and_save",
        "type": "method",
        "complexity": 2,
        "rank": "A",
        "lineno": 15,
        "filepath": "C:\\pet_projects\\scopus_search_project\\scopus_search_code\\app\\services\\search_service.py"
      },
      {
        "name": "register",
        "type": "method",
        "complexity": 2,
        "rank": "A",
        "lineno": 13,
        "filepath": "C:\\pet_projects\\scopus_search_project\\scopus_search_code\\app\\services\\user_service.py"
      },
      {
        "name": "database_url_str",
        "type": "method",
        "complexity": 1,
        "rank": "A",
        "lineno": 35,
        "filepath": "C:\\pet_projects\\scopus_search_project\\scopus_search_code\\app\\config.py"
      },
      {
        "name": "lifespan",
        "type": "function",
        "complexity": 1,
        "rank": "A",
        "lineno": 15,
        "filepath": "C:\\pet_projects\\scopus_search_project\\scopus_search_code\\app\\main.py"
      },
      {
        "name": "root",
        "type": "function",
        "complexity": 1,
        "rank": "A",
        "lineno": 65,
        "filepath": "C:\\pet_projects\\scopus_search_project\\scopus_search_code\\app\\main.py"
      },
      {
        "name": "get_db_session",
        "type": "function",
        "complexity": 1,
        "rank": "A",
        "lineno": 8,
        "filepath": "C:\\pet_projects\\scopus_search_project\\scopus_search_code\\app\\core\\dependencies.py"
      },
      {
        "name": "hash_password",
        "type": "function",
        "complexity": 1,
        "rank": "A",
        "lineno": 15,
        "filepath": "C:\\pet_projects\\scopus_search_project\\scopus_search_code\\app\\core\\security.py"
      },
      {
        "name": "verify_password",
        "type": "function",
        "complexity": 1,
        "rank": "A",
        "lineno": 18,
        "filepath": "C:\\pet_projects\\scopus_search_project\\scopus_search_code\\app\\core\\security.py"
      },
      {
        "name": "create_access_token",
        "type": "function",
        "complexity": 1,
        "rank": "A",
        "lineno": 21,
        "filepath": "C:\\pet_projects\\scopus_search_project\\scopus_search_code\\app\\core\\security.py"
      },
      {
        "name": "__init__",
        "type": "method",
        "complexity": 1,
        "rank": "A",
        "lineno": 12,
        "filepath": "C:\\pet_projects\\scopus_search_project\\scopus_search_code\\app\\infrastructure\\postgres_article_repo.py"
      },
      {
        "name": "get_all",
        "type": "method",
        "complexity": 1,
        "rank": "A",
        "lineno": 15,
        "filepath": "C:\\pet_projects\\scopus_search_project\\scopus_search_code\\app\\infrastructure\\postgres_article_repo.py"
      },
      {
        "name": "__init__",
        "type": "method",
        "complexity": 1,
        "rank": "A",
        "lineno": 10,
        "filepath": "C:\\pet_projects\\scopus_search_project\\scopus_search_code\\app\\infrastructure\\postgres_user_repo.py"
      },
      {
        "name": "create",
        "type": "method",
        "complexity": 1,
        "rank": "A",
        "lineno": 13,
        "filepath": "C:\\pet_projects\\scopus_search_project\\scopus_search_code\\app\\infrastructure\\postgres_user_repo.py"
      },
      {
        "name": "get_by_email",
        "type": "method",
        "complexity": 1,
        "rank": "A",
        "lineno": 19,
        "filepath": "C:\\pet_projects\\scopus_search_project\\scopus_search_code\\app\\infrastructure\\postgres_user_repo.py"
      },
      {
        "name": "__init__",
        "type": "method",
        "complexity": 1,
        "rank": "A",
        "lineno": 21,
        "filepath": "C:\\pet_projects\\scopus_search_project\\scopus_search_code\\app\\infrastructure\\scopus_client.py"
      },
      {
        "name": "save_many",
        "type": "method",
        "complexity": 1,
        "rank": "A",
        "lineno": 10,
        "filepath": "C:\\pet_projects\\scopus_search_project\\scopus_search_code\\app\\interfaces\\article_repository.py"
      },
      {
        "name": "get_all",
        "type": "method",
        "complexity": 1,
        "rank": "A",
        "lineno": 15,
        "filepath": "C:\\pet_projects\\scopus_search_project\\scopus_search_code\\app\\interfaces\\article_repository.py"
      },
      {
        "name": "get_total_count",
        "type": "method",
        "complexity": 1,
        "rank": "A",
        "lineno": 24,
        "filepath": "C:\\pet_projects\\scopus_search_project\\scopus_search_code\\app\\interfaces\\article_repository.py"
      },
      {
        "name": "search",
        "type": "method",
        "complexity": 1,
        "rank": "A",
        "lineno": 13,
        "filepath": "C:\\pet_projects\\scopus_search_project\\scopus_search_code\\app\\interfaces\\search_client.py"
      },
      {
        "name": "create",
        "type": "method",
        "complexity": 1,
        "rank": "A",
        "lineno": 10,
        "filepath": "C:\\pet_projects\\scopus_search_project\\scopus_search_code\\app\\interfaces\\user_repository.py"
      },
      {
        "name": "get_by_email",
        "type": "method",
        "complexity": 1,
        "rank": "A",
        "lineno": 15,
        "filepath": "C:\\pet_projects\\scopus_search_project\\scopus_search_code\\app\\interfaces\\user_repository.py"
      },
      {
        "name": "__repr__",
        "type": "method",
        "complexity": 1,
        "rank": "A",
        "lineno": 28,
        "filepath": "C:\\pet_projects\\scopus_search_project\\scopus_search_code\\app\\models\\article.py"
      },
      {
        "name": "__repr__",
        "type": "method",
        "complexity": 1,
        "rank": "A",
        "lineno": 20,
        "filepath": "C:\\pet_projects\\scopus_search_project\\scopus_search_code\\app\\models\\user.py"
      },
      {
        "name": "get_article_service",
        "type": "function",
        "complexity": 1,
        "rank": "A",
        "lineno": 19,
        "filepath": "C:\\pet_projects\\scopus_search_project\\scopus_search_code\\app\\routers\\articles.py"
      },
      {
        "name": "get_scopus_client",
        "type": "function",
        "complexity": 1,
        "rank": "A",
        "lineno": 23,
        "filepath": "C:\\pet_projects\\scopus_search_project\\scopus_search_code\\app\\routers\\articles.py"
      },
      {
        "name": "get_search_service",
        "type": "function",
        "complexity": 1,
        "rank": "A",
        "lineno": 27,
        "filepath": "C:\\pet_projects\\scopus_search_project\\scopus_search_code\\app\\routers\\articles.py"
      },
      {
        "name": "get_articles",
        "type": "function",
        "complexity": 1,
        "rank": "A",
        "lineno": 36,
        "filepath": "C:\\pet_projects\\scopus_search_project\\scopus_search_code\\app\\routers\\articles.py"
      },
      {
        "name": "health_db",
        "type": "function",
        "complexity": 1,
        "rank": "A",
        "lineno": 16,
        "filepath": "C:\\pet_projects\\scopus_search_project\\scopus_search_code\\app\\routers\\health.py"
      },
      {
        "name": "get_user_service",
        "type": "function",
        "complexity": 1,
        "rank": "A",
        "lineno": 24,
        "filepath": "C:\\pet_projects\\scopus_search_project\\scopus_search_code\\app\\routers\\users.py"
      },
      {
        "name": "get_me",
        "type": "function",
        "complexity": 1,
        "rank": "A",
        "lineno": 76,
        "filepath": "C:\\pet_projects\\scopus_search_project\\scopus_search_code\\app\\routers\\users.py"
      },
      {
        "name": "password_reset_request",
        "type": "function",
        "complexity": 1,
        "rank": "A",
        "lineno": 80,
        "filepath": "C:\\pet_projects\\scopus_search_project\\scopus_search_code\\app\\routers\\users.py"
      },
      {
        "name": "__init__",
        "type": "method",
        "complexity": 1,
        "rank": "A",
        "lineno": 7,
        "filepath": "C:\\pet_projects\\scopus_search_project\\scopus_search_code\\app\\services\\article_service.py"
      },
      {
        "name": "__init__",
        "type": "method",
        "complexity": 1,
        "rank": "A",
        "lineno": 11,
        "filepath": "C:\\pet_projects\\scopus_search_project\\scopus_search_code\\app\\services\\search_service.py"
      },
      {
        "name": "__init__",
        "type": "method",
        "complexity": 1,
        "rank": "A",
        "lineno": 10,
        "filepath": "C:\\pet_projects\\scopus_search_project\\scopus_search_code\\app\\services\\user_service.py"
      },
      {
        "name": "get_current_user",
        "type": "method",
        "complexity": 1,
        "rank": "A",
        "lineno": 42,
        "filepath": "C:\\pet_projects\\scopus_search_project\\scopus_search_code\\app\\services\\user_service.py"
      },
      {
        "name": "request_password_reset",
        "type": "method",
        "complexity": 1,
        "rank": "A",
        "lineno": 46,
        "filepath": "C:\\pet_projects\\scopus_search_project\\scopus_search_code\\app\\services\\user_service.py"
      }
    ]
  },
  "cohesion": {
    "total_classes_analyzed": 0,
    "mean_cohesion": 0.0,
    "low_cohesion_count": 0,
    "classes": []
  },
  "import_graph": {
    "nodes": [
      {
        "id": "app.config",
        "label": "config",
        "path": "C:\\pet_projects\\scopus_search_project\\scopus_search_code\\app\\config.py",
        "layer": "other"
      },
      {
        "id": "app.main",
        "label": "main",
        "path": "C:\\pet_projects\\scopus_search_project\\scopus_search_code\\app\\main.py",
        "layer": "other"
      },
      {
        "id": "app.__init__",
        "label": "__init__",
        "path": "C:\\pet_projects\\scopus_search_project\\scopus_search_code\\app\\__init__.py",
        "layer": "other"
      },
      {
        "id": "app.core.dependencies",
        "label": "core.dependencies",
        "path": "C:\\pet_projects\\scopus_search_project\\scopus_search_code\\app\\core\\dependencies.py",
        "layer": "other"
      },
      {
        "id": "app.core.security",
        "label": "core.security",
        "path": "C:\\pet_projects\\scopus_search_project\\scopus_search_code\\app\\core\\security.py",
        "layer": "other"
      },
      {
        "id": "app.core.__init__",
        "label": "core.__init__",
        "path": "C:\\pet_projects\\scopus_search_project\\scopus_search_code\\app\\core\\__init__.py",
        "layer": "other"
      },
      {
        "id": "app.infrastructure.database",
        "label": "infrastructure.database",
        "path": "C:\\pet_projects\\scopus_search_project\\scopus_search_code\\app\\infrastructure\\database.py",
        "layer": "infrastructure"
      },
      {
        "id": "app.infrastructure.postgres_article_repo",
        "label": "infrastructure.postgres_article_repo",
        "path": "C:\\pet_projects\\scopus_search_project\\scopus_search_code\\app\\infrastructure\\postgres_article_repo.py",
        "layer": "infrastructure"
      },
      {
        "id": "app.infrastructure.postgres_user_repo",
        "label": "infrastructure.postgres_user_repo",
        "path": "C:\\pet_projects\\scopus_search_project\\scopus_search_code\\app\\infrastructure\\postgres_user_repo.py",
        "layer": "infrastructure"
      },
      {
        "id": "app.infrastructure.scopus_client",
        "label": "infrastructure.scopus_client",
        "path": "C:\\pet_projects\\scopus_search_project\\scopus_search_code\\app\\infrastructure\\scopus_client.py",
        "layer": "infrastructure"
      },
      {
        "id": "app.infrastructure.__init__",
        "label": "infrastructure.__init__",
        "path": "C:\\pet_projects\\scopus_search_project\\scopus_search_code\\app\\infrastructure\\__init__.py",
        "layer": "infrastructure"
      },
      {
        "id": "app.interfaces.article_repository",
        "label": "interfaces.article_repository",
        "path": "C:\\pet_projects\\scopus_search_project\\scopus_search_code\\app\\interfaces\\article_repository.py",
        "layer": "other"
      },
      {
        "id": "app.interfaces.search_client",
        "label": "interfaces.search_client",
        "path": "C:\\pet_projects\\scopus_search_project\\scopus_search_code\\app\\interfaces\\search_client.py",
        "layer": "other"
      },
      {
        "id": "app.interfaces.user_repository",
        "label": "interfaces.user_repository",
        "path": "C:\\pet_projects\\scopus_search_project\\scopus_search_code\\app\\interfaces\\user_repository.py",
        "layer": "other"
      },
      {
        "id": "app.interfaces.__init__",
        "label": "interfaces.__init__",
        "path": "C:\\pet_projects\\scopus_search_project\\scopus_search_code\\app\\interfaces\\__init__.py",
        "layer": "other"
      },
      {
        "id": "app.models.article",
        "label": "models.article",
        "path": "C:\\pet_projects\\scopus_search_project\\scopus_search_code\\app\\models\\article.py",
        "layer": "models"
      },
      {
        "id": "app.models.base",
        "label": "models.base",
        "path": "C:\\pet_projects\\scopus_search_project\\scopus_search_code\\app\\models\\base.py",
        "layer": "models"
      },
      {
        "id": "app.models.user",
        "label": "models.user",
        "path": "C:\\pet_projects\\scopus_search_project\\scopus_search_code\\app\\models\\user.py",
        "layer": "models"
      },
      {
        "id": "app.models.__init__",
        "label": "models.__init__",
        "path": "C:\\pet_projects\\scopus_search_project\\scopus_search_code\\app\\models\\__init__.py",
        "layer": "models"
      },
      {
        "id": "app.routers.articles",
        "label": "routers.articles",
        "path": "C:\\pet_projects\\scopus_search_project\\scopus_search_code\\app\\routers\\articles.py",
        "layer": "routers"
      },
      {
        "id": "app.routers.health",
        "label": "routers.health",
        "path": "C:\\pet_projects\\scopus_search_project\\scopus_search_code\\app\\routers\\health.py",
        "layer": "routers"
      },
      {
        "id": "app.routers.users",
        "label": "routers.users",
        "path": "C:\\pet_projects\\scopus_search_project\\scopus_search_code\\app\\routers\\users.py",
        "layer": "routers"
      },
      {
        "id": "app.routers.__init__",
        "label": "routers.__init__",
        "path": "C:\\pet_projects\\scopus_search_project\\scopus_search_code\\app\\routers\\__init__.py",
        "layer": "routers"
      },
      {
        "id": "app.schemas.article_schemas",
        "label": "schemas.article_schemas",
        "path": "C:\\pet_projects\\scopus_search_project\\scopus_search_code\\app\\schemas\\article_schemas.py",
        "layer": "other"
      },
      {
        "id": "app.schemas.user_schemas",
        "label": "schemas.user_schemas",
        "path": "C:\\pet_projects\\scopus_search_project\\scopus_search_code\\app\\schemas\\user_schemas.py",
        "layer": "other"
      },
      {
        "id": "app.schemas.__init__",
        "label": "schemas.__init__",
        "path": "C:\\pet_projects\\scopus_search_project\\scopus_search_code\\app\\schemas\\__init__.py",
        "layer": "other"
      },
      {
        "id": "app.services.article_service",
        "label": "services.article_service",
        "path": "C:\\pet_projects\\scopus_search_project\\scopus_search_code\\app\\services\\article_service.py",
        "layer": "services"
      },
      {
        "id": "app.services.search_service",
        "label": "services.search_service",
        "path": "C:\\pet_projects\\scopus_search_project\\scopus_search_code\\app\\services\\search_service.py",
        "layer": "services"
      },
      {
        "id": "app.services.user_service",
        "label": "services.user_service",
        "path": "C:\\pet_projects\\scopus_search_project\\scopus_search_code\\app\\services\\user_service.py",
        "layer": "services"
      },
      {
        "id": "app.services.__init__",
        "label": "services.__init__",
        "path": "C:\\pet_projects\\scopus_search_project\\scopus_search_code\\app\\services\\__init__.py",
        "layer": "services"
      }
    ],
    "edges": [
      {
        "from": "app.core.dependencies",
        "to": "app.infrastructure.database",
        "kind": "internal"
      },
      {
        "from": "app.core.security",
        "to": "app.config",
        "kind": "internal"
      },
      {
        "from": "app.infrastructure.database",
        "to": "app.config",
        "kind": "internal"
      },
      {
        "from": "app.infrastructure.postgres_article_repo",
        "to": "app.interfaces.article_repository",
        "kind": "internal"
      },
      {
        "from": "app.infrastructure.postgres_article_repo",
        "to": "app.models.article",
        "kind": "internal"
      },
      {
        "from": "app.infrastructure.postgres_user_repo",
        "to": "app.interfaces.user_repository",
        "kind": "internal"
      },
      {
        "from": "app.infrastructure.postgres_user_repo",
        "to": "app.models.user",
        "kind": "internal"
      },
      {
        "from": "app.infrastructure.scopus_client",
        "to": "app.config",
        "kind": "internal"
      },
      {
        "from": "app.infrastructure.scopus_client",
        "to": "app.interfaces.search_client",
        "kind": "internal"
      },
      {
        "from": "app.infrastructure.scopus_client",
        "to": "app.models.article",
        "kind": "internal"
      },
      {
        "from": "app.interfaces.article_repository",
        "to": "app.models.article",
        "kind": "internal"
      },
      {
        "from": "app.interfaces.search_client",
        "to": "app.models.article",
        "kind": "internal"
      },
      {
        "from": "app.interfaces.user_repository",
        "to": "app.models.user",
        "kind": "internal"
      },
      {
        "from": "app.models.article",
        "to": "app.models.base",
        "kind": "internal"
      },
      {
        "from": "app.models.user",
        "to": "app.models.base",
        "kind": "internal"
      },
      {
        "from": "app.routers.articles",
        "to": "app.core.dependencies",
        "kind": "internal"
      },
      {
        "from": "app.routers.articles",
        "to": "app.infrastructure.postgres_article_repo",
        "kind": "internal"
      },
      {
        "from": "app.routers.articles",
        "to": "app.infrastructure.scopus_client",
        "kind": "internal"
      },
      {
        "from": "app.routers.articles",
        "to": "app.models.user",
        "kind": "internal"
      },
      {
        "from": "app.routers.articles",
        "to": "app.routers.users",
        "kind": "internal"
      },
      {
        "from": "app.routers.articles",
        "to": "app.schemas.article_schemas",
        "kind": "internal"
      },
      {
        "from": "app.routers.articles",
        "to": "app.services.article_service",
        "kind": "internal"
      },
      {
        "from": "app.routers.articles",
        "to": "app.services.search_service",
        "kind": "internal"
      },
      {
        "from": "app.routers.health",
        "to": "app.core.dependencies",
        "kind": "internal"
      },
      {
        "from": "app.routers.users",
        "to": "app.core.dependencies",
        "kind": "internal"
      },
      {
        "from": "app.routers.users",
        "to": "app.core.security",
        "kind": "internal"
      },
      {
        "from": "app.routers.users",
        "to": "app.infrastructure.postgres_user_repo",
        "kind": "internal"
      },
      {
        "from": "app.routers.users",
        "to": "app.models.user",
        "kind": "internal"
      },
      {
        "from": "app.routers.users",
        "to": "app.schemas.user_schemas",
        "kind": "internal"
      },
      {
        "from": "app.routers.users",
        "to": "app.services.user_service",
        "kind": "internal"
      },
      {
        "from": "app.services.article_service",
        "to": "app.interfaces.article_repository",
        "kind": "internal"
      },
      {
        "from": "app.services.article_service",
        "to": "app.schemas.article_schemas",
        "kind": "internal"
      },
      {
        "from": "app.services.search_service",
        "to": "app.interfaces.article_repository",
        "kind": "internal"
      },
      {
        "from": "app.services.search_service",
        "to": "app.interfaces.search_client",
        "kind": "internal"
      },
      {
        "from": "app.services.search_service",
        "to": "app.models.article",
        "kind": "internal"
      },
      {
        "from": "app.services.user_service",
        "to": "app.core.security",
        "kind": "internal"
      },
      {
        "from": "app.services.user_service",
        "to": "app.interfaces.user_repository",
        "kind": "internal"
      },
      {
        "from": "app.services.user_service",
        "to": "app.models.user",
        "kind": "internal"
      },
      {
        "from": "app.services.user_service",
        "to": "app.schemas.user_schemas",
        "kind": "internal"
      }
    ],
    "errors": [],
    "edges_count": 39
  },
  "import_linter": {
    "is_success": true,
    "contracts_checked": 1,
    "broken_contracts": 0,
    "kept_contracts": 1,
    "violations": [],
    "module_count": 30,
    "raw_output": "---------\nContracts\n---------\n\nAnalyzed 30 files, 42 dependencies.\n-----------------------------------\n\nScopus API layered architecture KEPT\n\nContracts: 1 kept, 0 broken."
  },
  "pyan3": {
    "is_success": true,
    "node_count": 62,
    "edge_count": 110,
    "nodes": [
      "Article",
      "ArticleResponse",
      "ArticleService",
      "Base",
      "IArticleRepository",
      "ISearchClient",
      "IUserRepository",
      "PaginatedArticleResponse",
      "PasswordResetRequest",
      "PostgresArticleRepository",
      "PostgresUserRepository",
      "ScopusHTTPClient",
      "SearchService",
      "Settings",
      "TokenResponse",
      "User",
      "UserRegisterRequest",
      "UserService",
      "__init__",
      "app.config",
      "app.infrastructure.database",
      "app.infrastructure.postgres_article_repo",
      "app.infrastructure.postgres_user_repo",
      "app.infrastructure.scopus_client",
      "app.interfaces.article_repository",
      "app.interfaces.search_client",
      "app.interfaces.user_repository",
      "app.main",
      "app.models.article",
      "app.models.user",
      "app.services.article_service",
      "app.services.search_service",
      "app.services.user_service",
      "create",
      "create_access_token",
      "database_url_str",
      "decode_access_token",
      "find_and_save",
      "find_articles",
      "get_all",
      "get_article_service",
      "get_articles",
      "get_articles_paginated",
      "get_by_email",
      "get_current_user",
      "get_db_session",
      "get_me",
      "get_scopus_client",
      "get_search_service",
      "get_total_count",
      "get_user_service",
      "hash_password",
      "health_db",
      "lifespan",
      "login",
      "password_reset_request",
      "password_strength",
      "register",
      "request_password_reset",
      "save_many",
      "search",
      "verify_password"
    ],
    "edges": [
      {
        "from": "get_article_service",
        "to": "PostgresArticleRepository"
      },
      {
        "from": "app.infrastructure.postgres_user_repo",
        "to": "IUserRepository"
      },
      {
        "from": "app.services.article_service",
        "to": "ArticleResponse"
      },
      {
        "from": "PostgresUserRepository",
        "to": "IUserRepository"
      },
      {
        "from": "app.infrastructure.scopus_client",
        "to": "ISearchClient"
      },
      {
        "from": "get_scopus_client",
        "to": "ScopusHTTPClient"
      },
      {
        "from": "request_password_reset",
        "to": "get_by_email"
      },
      {
        "from": "app.interfaces.search_client",
        "to": "Article"
      },
      {
        "from": "get_search_service",
        "to": "get_db_session"
      },
      {
        "from": "get_search_service",
        "to": "PostgresArticleRepository"
      },
      {
        "from": "get_articles",
        "to": "ArticleService"
      },
      {
        "from": "register",
        "to": "get_by_email"
      },
      {
        "from": "app.infrastructure.scopus_client",
        "to": "Article"
      },
      {
        "from": "find_and_save",
        "to": "Article"
      },
      {
        "from": "password_strength",
        "to": "search"
      },
      {
        "from": "__init__",
        "to": "IUserRepository"
      },
      {
        "from": "app.main",
        "to": "lifespan"
      },
      {
        "from": "app.models.article",
        "to": "Base"
      },
      {
        "from": "get_articles_paginated",
        "to": "ArticleResponse"
      },
      {
        "from": "login",
        "to": "verify_password"
      },
      {
        "from": "get_articles_paginated",
        "to": "get_all"
      },
      {
        "from": "get_search_service",
        "to": "get_scopus_client"
      },
      {
        "from": "get_search_service",
        "to": "__init__"
      },
      {
        "from": "login",
        "to": "create_access_token"
      },
      {
        "from": "login",
        "to": "login"
      },
      {
        "from": "get_by_email",
        "to": "User"
      },
      {
        "from": "password_reset_request",
        "to": "get_user_service"
      },
      {
        "from": "register",
        "to": "UserService"
      },
      {
        "from": "find_articles",
        "to": "get_scopus_client"
      },
      {
        "from": "get_scopus_client",
        "to": "__init__"
      },
      {
        "from": "get_current_user",
        "to": "get_current_user"
      },
      {
        "from": "get_all",
        "to": "Article"
      },
      {
        "from": "app.services.search_service",
        "to": "IArticleRepository"
      },
      {
        "from": "get_current_user",
        "to": "User"
      },
      {
        "from": "get_articles",
        "to": "get_articles_paginated"
      },
      {
        "from": "app.infrastructure.postgres_article_repo",
        "to": "Article"
      },
      {
        "from": "app.services.user_service",
        "to": "IUserRepository"
      },
      {
        "from": "login",
        "to": "get_by_email"
      },
      {
        "from": "get_user_service",
        "to": "get_db_session"
      },
      {
        "from": "get_current_user",
        "to": "decode_access_token"
      },
      {
        "from": "find_articles",
        "to": "find_and_save"
      },
      {
        "from": "app.infrastructure.postgres_user_repo",
        "to": "User"
      },
      {
        "from": "create",
        "to": "User"
      },
      {
        "from": "ScopusHTTPClient",
        "to": "ISearchClient"
      },
      {
        "from": "app.interfaces.user_repository",
        "to": "User"
      },
      {
        "from": "__init__",
        "to": "ISearchClient"
      },
      {
        "from": "app.services.user_service",
        "to": "verify_password"
      },
      {
        "from": "app.services.user_service",
        "to": "User"
      },
      {
        "from": "app.services.user_service",
        "to": "create_access_token"
      },
      {
        "from": "password_reset_request",
        "to": "request_password_reset"
      },
      {
        "from": "get_current_user",
        "to": "get_by_email"
      },
      {
        "from": "get_articles",
        "to": "PaginatedArticleResponse"
      },
      {
        "from": "get_user_service",
        "to": "__init__"
      },
      {
        "from": "login",
        "to": "__init__"
      },
      {
        "from": "password_reset_request",
        "to": "PasswordResetRequest"
      },
      {
        "from": "app.interfaces.article_repository",
        "to": "Article"
      },
      {
        "from": "get_articles_paginated",
        "to": "__init__"
      },
      {
        "from": "get_articles_paginated",
        "to": "get_total_count"
      },
      {
        "from": "register",
        "to": "get_user_service"
      },
      {
        "from": "find_and_save",
        "to": "save_many"
      },
      {
        "from": "get_me",
        "to": "get_current_user"
      },
      {
        "from": "get_user_service",
        "to": "PostgresUserRepository"
      },
      {
        "from": "User",
        "to": "Base"
      },
      {
        "from": "search",
        "to": "Article"
      },
      {
        "from": "find_articles",
        "to": "ArticleResponse"
      },
      {
        "from": "PostgresArticleRepository",
        "to": "IArticleRepository"
      },
      {
        "from": "app.services.article_service",
        "to": "IArticleRepository"
      },
      {
        "from": "app.infrastructure.postgres_article_repo",
        "to": "IArticleRepository"
      },
      {
        "from": "Article",
        "to": "Base"
      },
      {
        "from": "app.config",
        "to": "Settings"
      },
      {
        "from": "search",
        "to": "__init__"
      },
      {
        "from": "health_db",
        "to": "get_db_session"
      },
      {
        "from": "get_articles",
        "to": "get_article_service"
      },
      {
        "from": "get_search_service",
        "to": "SearchService"
      },
      {
        "from": "PaginatedArticleResponse",
        "to": "ArticleResponse"
      },
      {
        "from": "register",
        "to": "create"
      },
      {
        "from": "app.services.user_service",
        "to": "hash_password"
      },
      {
        "from": "get_article_service",
        "to": "get_db_session"
      },
      {
        "from": "app.infrastructure.database",
        "to": "database_url_str"
      },
      {
        "from": "get_user_service",
        "to": "UserService"
      },
      {
        "from": "app.services.user_service",
        "to": "UserRegisterRequest"
      },
      {
        "from": "login",
        "to": "UserService"
      },
      {
        "from": "find_articles",
        "to": "ScopusHTTPClient"
      },
      {
        "from": "find_articles",
        "to": "SearchService"
      },
      {
        "from": "__init__",
        "to": "IArticleRepository"
      },
      {
        "from": "find_and_save",
        "to": "search"
      },
      {
        "from": "app.services.article_service",
        "to": "PaginatedArticleResponse"
      },
      {
        "from": "login",
        "to": "get_user_service"
      },
      {
        "from": "find_articles",
        "to": "get_search_service"
      },
      {
        "from": "get_me",
        "to": "User"
      },
      {
        "from": "get_article_service",
        "to": "__init__"
      },
      {
        "from": "get_current_user",
        "to": "UserService"
      },
      {
        "from": "get_article_service",
        "to": "ArticleService"
      },
      {
        "from": "register",
        "to": "register"
      },
      {
        "from": "register",
        "to": "User"
      },
      {
        "from": "get_articles_paginated",
        "to": "PaginatedArticleResponse"
      },
      {
        "from": "app.services.search_service",
        "to": "ISearchClient"
      },
      {
        "from": "password_reset_request",
        "to": "UserService"
      },
      {
        "from": "get_current_user",
        "to": "get_user_service"
      },
      {
        "from": "find_articles",
        "to": "get_current_user"
      },
      {
        "from": "login",
        "to": "TokenResponse"
      },
      {
        "from": "find_articles",
        "to": "User"
      },
      {
        "from": "register",
        "to": "__init__"
      },
      {
        "from": "register",
        "to": "hash_password"
      },
      {
        "from": "app.services.search_service",
        "to": "Article"
      },
      {
        "from": "save_many",
        "to": "Article"
      },
      {
        "from": "app.models.user",
        "to": "Base"
      },
      {
        "from": "get_search_service",
        "to": "ScopusHTTPClient"
      },
      {
        "from": "register",
        "to": "UserRegisterRequest"
      },
      {
        "from": "find_articles",
        "to": "__init__"
      }
    ],
    "dead_node_count": 20,
    "dead_nodes": [
      "app.config",
      "app.infrastructure.database",
      "app.infrastructure.postgres_article_repo",
      "app.infrastructure.postgres_user_repo",
      "app.infrastructure.scopus_client",
      "app.interfaces.article_repository",
      "app.interfaces.search_client",
      "app.interfaces.user_repository",
      "app.main",
      "app.models.article",
      "app.models.user",
      "app.services.article_service",
      "app.services.search_service",
      "app.services.user_service",
      "find_articles",
      "get_articles",
      "get_me",
      "health_db",
      "password_reset_request",
      "password_strength"
    ],
    "raw_output": "Article\n    [U] Base\nPaginatedArticleResponse\n    [U] ArticleResponse\nPostgresArticleRepository\n    [U] IArticleRepository\nPostgresUserRepository\n    [U] IUserRepository\nScopusHTTPClient\n    [U] ISearchClient\nUser\n    [U] Base\n__init__\n    [U] IArticleRepository\n    [U] IArticleRepository\n    [U] ISearchClient\n    [U] IUserRepository\napp.config\n    [U] Settings\napp.infrastructure.database\n    [U] database_url_str\napp.infrastructure.postgres_article_repo\n    [U] Article\n    [U] IArticleRepository\napp.infrastructure.postgres_user_repo\n    [U] IUserRepository\n    [U] User\napp.infrastructure.scopus_client\n    [U] Article\n    [U] ISearchClient\napp.interfaces.article_repository\n    [U] Article\napp.interfaces.search_client\n    [U] Article\napp.interfaces.user_repository\n    [U] User\napp.main\n    [U] app.routers.articles\n    [U] app.routers.health\n    [U] app.routers.users\n    [U] lifespan\napp.models.article\n    [U] Base\napp.models.user\n    [U] Base\napp.routers.articles\n    [U] ArticleResponse\n    [U] ArticleService\n    [U] PaginatedArticleResponse\n    [U] PostgresArticleRepository\n    [U] ScopusHTTPClient\n    [U] SearchService\n    [U] User\n    [U] get_article_service\n    [U] get_current_user\n    [U] get_db_session\n    [U] get_scopus_client\n    [U] get_search_service\napp.routers.health\n    [U] get_db_session\napp.routers.users\n    [U] PasswordResetRequest\n    [U] PostgresUserRepository\n    [U] TokenResponse\n    [U] User\n    [U] UserRegisterRequest\n    [U] UserResponse\n    [U] UserService\n    [U] decode_access_token\n    [U] get_current_user\n    [U] get_db_session\n    [U] get_user_service\napp.services.article_service\n    [U] ArticleResponse\n    [U] IArticleRepository\n    [U] PaginatedArticleResponse\napp.services.search_service\n    [U] Article\n    [U] IArticleRepository\n    [U] ISearchClient\napp.services.user_service\n    [U] IUserRepository\n    [U] User\n    [U] UserRegisterRequest\n    [U] create_access_token\n    [U] hash_password\n    [U] verify_password\ncreate\n    [U] User\n    [U] User\nfind_and_save\n    [U] Article\n    [U] save_many\n    [U] search\nfind_articles\n    [U] ArticleResponse\n    [U] ScopusHTTPClient\n    [U] SearchService\n    [U] User\n    [U] __init__\n    [U] __init__\n    [U] __init__\n    [U] __init__\n    [U] __init__\n    [U] __init__\n    [U] find_and_save\n    [U] get_current_user\n    [U] get_scopus_client\n    [U] get_search_service\nget_all\n    [U] Article\n    [U] Article\nget_article_service\n    [U] ArticleService\n    [U] PostgresArticleRepository\n    [U] __init__\n    [U] __init__\n    [U] get_db_session\nget_articles\n    [U] ArticleService\n    [U] PaginatedArticleResponse\n    [U] get_article_service\n    [U] get_articles_paginated\nget_articles_paginated\n    [U] ArticleResponse\n    [U] PaginatedArticleResponse\n    [U] __init__\n    [U] __init__\n    [U] __init__\n    [U] __init__\n    [U] __init__\n    [U] __init__\n    [U] get_all\n    [U] get_total_count\nget_by_email\n    [U] User\n    [U] User\nget_current_user\n    [U] User\n    [U] User\n    [U] UserService\n    [U] decode_access_token\n    [U] get_by_email\n    [U] get_current_user\n    [U] get_current_user\n    [U] get_user_service\nget_me\n    [U] User\n    [U] get_current_user\nget_scopus_client\n    [U] ScopusHTTPClient\n    [U] __init__\nget_search_service\n    [U] PostgresArticleRepository\n    [U] ScopusHTTPClient\n    [U] SearchService\n    [U] __init__\n    [U] __init__\n    [U] get_db_session\n    [U] get_scopus_client\nget_user_service\n    [U] PostgresUserRepository\n    [U] UserService\n    [U] __init__\n    [U] __init__\n    [U] get_db_session\nhealth_db\n    [U] get_db_session\nlogin\n    [U] TokenResponse\n    [U] UserService\n    [U] __init__\n    [U] __init__\n    [U] __init__\n    [U] __init__\n    [U] __init__\n    [U] __init__\n    [U] create_access_token\n    [U] get_by_email\n    [U] get_user_service\n    [U] login\n    [U] login\n    [U] verify_password\npassword_reset_request\n    [U] PasswordResetRequest\n    [U] UserService\n    [U] get_user_service\n    [U] request_password_reset\npassword_strength\n    [U] search\nregister\n    [U] User\n    [U] User\n    [U] UserRegisterRequest\n    [U] UserRegisterRequest\n    [U] UserService\n    [U] __init__\n    [U] __init__\n    [U] __init__\n    [U] __init__\n    [U] __init__\n    [U] __init__\n    [U] create\n    [U] get_by_email\n    [U] get_user_service\n    [U] hash_password\n    [U] register\n    [U] register\nrequest_password_reset\n    [U] get_by_email\nsave_many\n    [U] Article\n    [U] Article\nsearch\n    [U] Article\n    [U] Article\n    [U] __init__\n    [U] __init__\n    [U] __init__\n    [U] __init__\n    [U] __init__\n    [U] __init__\n"
  }
}